#separator \x09
#set_separator	,
#empty_field	(empty)
#unset_field	-
#path	ocsp
#open	2023-06-17-13-34-35
#fields	ts	id	hashAlgorithm	issuerNameHash	issuerKeyHash	serialNumber	certStatus	revoketime	revokereason	thisUpdate	nextUpdate
#types	time	string	string	string	string	string	string	time	string	time	time
1687001655.213204	F47FebiHi0Jswn5qd	sha1	E4E395A229D3D4C1C31FF0980C0B4EC0098AABD8	B76BA2EAA8AA848C79EAB4DA0F98B2C59576B9F4	0CD22A9B6F86685C603E5F96BAC49FE5	good	-	-	1686695942.000000	1687298042.000000
1687001655.214624	FvGhEc26Ty2Ddfxujg	sha1	0DD55A225F8D2354E325761EEE0D3862F43A9E7B	D5C1673AC2A39DF477525B59123829E65568BBA5	33009ABB8796AF280693E0B53E0000009ABB87	good	-	-	1686668902.000000	1687534102.000000
1687001655.214665	FbZoyh15szbb6YLXy1	sha1	E4E395A229D3D4C1C31FF0980C0B4EC0098AABD8	B76BA2EAA8AA848C79EAB4DA0F98B2C59576B9F4	0CD22A9B6F86685C603E5F96BAC49FE5	good	-	-	1686695942.000000	1687298042.000000
1687001655.216165	Fh5WcWwY0IhqQWbt3	sha1	0DD55A225F8D2354E325761EEE0D3862F43A9E7B	D5C1673AC2A39DF477525B59123829E65568BBA5	33009ABB8796AF280693E0B53E0000009ABB87	good	-	-	1686668902.000000	1687534102.000000
1687001656.609113	FFoh7h327Asa1EipKc	sha1	B9637A21B0602B5F790A8E22BF731357C5301394	8868D91F11C40E1F9B89E0A042775FC3798EC36E	012EF6F8F340E64B948EC93FA8B95FB3	good	-	-	1686978000.000000	1687021200.000000
1687001656.738839	F51B1V1j9kxSk6vy93	sha1	0DD55A225F8D2354E325761EEE0D3862F43A9E7B	D5C1673AC2A39DF477525B59123829E65568BBA5	33009ABB8796AF280693E0B53E0000009ABB87	good	-	-	1686668902.000000	1687534102.000000
1687001656.987016	FEdvizsw7GfEzM0mi	sha1	C68888133D2295AE3ABEF118877F8A00BA434E3E	0F205DD7A15795DB92CF2BD0C7C27704CE728076	33009FF0D9516BA518269797FA0000009FF0D9	good	-	-	1686845613.000000	1687710813.000000
1687001656.989344	FBNdEU3oTWCbmEl5Z	sha1	C68888133D2295AE3ABEF118877F8A00BA434E3E	0F205DD7A15795DB92CF2BD0C7C27704CE728076	33009FF0D9516BA518269797FA0000009FF0D9	good	-	-	1686586413.000000	1687451613.000000
1687001657.152783	Fj2CST0MUx3RjY4V8	sha1	52FECA108DB4E5AB5268930D27C82FF215E24BB5	00AB91FC216226979AA8791B61419060A96267FD	3300A8C7B3762AE46903438E9A000000A8C7B3	good	-	-	1686543249.000000	1687408449.000000
1687001657.694831	F6b4L91pHF9E0lsq54	sha1	A303C0A8887BD479C4278EB5D7587D3C12C04DA4	FF2F7FE106F438F32DED258D98C2FE0EF66CFCFA	2D0032787213FA84AE5320170C000000327872	good	-	-	1686909602.000000	1687255201.000000
1687001658.170380	FIOat8zbhywRsjKt1	sha1	52FECA108DB4E5AB5268930D27C82FF215E24BB5	00AB91FC216226979AA8791B61419060A96267FD	3300A8C7B3762AE46903438E9A000000A8C7B3	good	-	-	1686845649.000000	1687710849.000000
1687001658.182653	FQnjwA27AA4LUn0TQk	sha1	52FECA108DB4E5AB5268930D27C82FF215E24BB5	00AB91FC216226979AA8791B61419060A96267FD	3300989F43920D2CDD1728CF14000000989F43	good	-	-	1686744849.000000	1687610049.000000
1687001658.190957	FKSq3v35RpqU0w0ebl	sha1	52FECA108DB4E5AB5268930D27C82FF215E24BB5	00AB91FC216226979AA8791B61419060A96267FD	3300989F43920D2CDD1728CF14000000989F43	good	-	-	1686672849.000000	1687538049.000000
1687001659.149320	FZbywO3ljPloCg277a	sha1	105FA67A80089DB5279F35CE830B43889EA3C70D	0F80611C823161D52F28E78D4638B42CE1C6D9E2	082BCFA6791C7D6D06C7E2FEF77E223D	good	-	-	1686496142.000000	1687098242.000000
1687001659.204149	Fa2gElz3hQVbFanR6	sha1	105FA67A80089DB5279F35CE830B43889EA3C70D	0F80611C823161D52F28E78D4638B42CE1C6D9E2	082BCFA6791C7D6D06C7E2FEF77E223D	good	-	-	1686496142.000000	1687098242.000000
1687001659.400720	F0GNhn1Q5TjyJlox1h	sha1	52FECA108DB4E5AB5268930D27C82FF215E24BB5	00AB91FC216226979AA8791B61419060A96267FD	3300989F43920D2CDD1728CF14000000989F43	good	-	-	1686284049.000000	1687149249.000000
1687001659.669061	FmX3CR3iNSifX2A544	sha1	52FECA108DB4E5AB5268930D27C82FF215E24BB5	00AB91FC216226979AA8791B61419060A96267FD	3300989F43920D2CDD1728CF14000000989F43	good	-	-	1686744849.000000	1687610049.000000
1687001660.080697	FzVcyEqDOdi86Ichg	sha1	0DD55A225F8D2354E325761EEE0D3862F43A9E7B	D5C1673AC2A39DF477525B59123829E65568BBA5	33009ABB8796AF280693E0B53E0000009ABB87	good	-	-	1686841703.000000	1687706903.000000
1687001660.835691	FE6ZJDXubVsZ0u5Hd	sha1	0DD55A225F8D2354E325761EEE0D3862F43A9E7B	D5C1673AC2A39DF477525B59123829E65568BBA5	33009ABB8796AF280693E0B53E0000009ABB87	good	-	-	1686841703.000000	1687706903.000000
1687001662.859922	FoymLWu8hA6h5jmfc	sha1	52FECA108DB4E5AB5268930D27C82FF215E24BB5	00AB91FC216226979AA8791B61419060A96267FD	3300989F43920D2CDD1728CF14000000989F43	good	-	-	1686744849.000000	1687610049.000000
1687001667.265789	FV1ceG3jzH5uxKTOF6	sha1	98F90032A9C065EB3C4FA8510E4C8DB8A7101603	A5B4D6EB36C4E76BA6DFC4640B012A2004B86623	04D25D4A0B9C106393BABC4A689A1125	good	-	-	1686736262.000000	1687338362.000000
1687001667.286162	F6Izkn1OaaYMLHxo4k	sha1	98F90032A9C065EB3C4FA8510E4C8DB8A7101603	A5B4D6EB36C4E76BA6DFC4640B012A2004B86623	04D25D4A0B9C106393BABC4A689A1125	good	-	-	1686736262.000000	1687338362.000000
#close	2023-06-17-13-34-36
